<?xml version="1.0" encoding="UTF-8"?>
<!-- Generated by org.testng.reporters.JUnitReportReporter -->
<testsuite hostname="LAPTOP-9VS728M4" failures="0" tests="1" name="assignement.Question14" time="13.106" errors="0" timestamp="2023-06-26T18:41:16 IST" skipped="0">
  <testcase classname="assignement.Question14" name="login" time="13.106"/>
  <system-out/>
</testsuite> <!-- assignement.Question14 -->
