<?xml version="1.0" encoding="UTF-8"?>
<!-- Generated by org.testng.reporters.JUnitReportReporter -->
<testsuite hostname="LAPTOP-9VS728M4" failures="0" tests="1" name="assignement.Question11" time="5.834" errors="0" timestamp="2023-06-26T16:35:48 IST" skipped="0">
  <testcase classname="assignement.Question11" name="login" time="5.834"/>
  <system-out/>
</testsuite> <!-- assignement.Question11 -->
