<?xml version="1.0" encoding="UTF-8"?>
<!-- Generated by org.testng.reporters.JUnitReportReporter -->
<testsuite hostname="LAPTOP-9VS728M4" failures="0" tests="4" name="assignement.Question13" time="0.034" errors="0" timestamp="2023-06-26T17:11:02 IST" skipped="0">
  <testcase classname="assignement.Question13" name="red12" time="0.003"/>
  <system-out/>
  <testcase classname="assignement.Question13" name="green_red" time="0.026"/>
  <system-out/>
  <testcase classname="assignement.Question13" name="red3" time="0.003"/>
  <system-out/>
  <testcase classname="assignement.Question13" name="red1" time="0.002"/>
  <system-out/>
</testsuite> <!-- assignement.Question13 -->
